This file contains any messages produced by compilers while
running configure, to aid debugging if configure makes a mistake.

It was created by omniORB configure 4.1.6, which was
generated by GNU Autoconf 2.63.  Invocation command line was

  $ ../configure 

## --------- ##
## Platform. ##
## --------- ##

hostname = MSI
uname -m = x86_64
uname -r = 3.3.5-341.x86_64
uname -s = MINGW64_NT-10.0-22621
uname -v = 2022-07-08 09:41 UTC

/usr/bin/uname -p = unknown
/bin/uname -X     = unknown

/bin/arch              = x86_64
/usr/bin/arch -k       = unknown
/usr/convex/getsysinfo = unknown
/usr/bin/hostinfo      = unknown
/bin/machine           = unknown
/usr/bin/oslevel       = unknown
/bin/universe          = unknown

PATH: /c/Users/Odin17/bin
PATH: /mingw64/bin
PATH: /usr/local/bin
PATH: /usr/bin
PATH: /bin
PATH: /mingw64/bin
PATH: /usr/bin
PATH: /c/Users/Odin17/bin
PATH: %PATH%
PATH: /c/omniORB-4.2.4/bin
PATH: /c/users/Odin17/scoop/shims
PATH: /c/programdata/scoop/shim
PATH: /c/Windows/System32
PATH: %PATH%
PATH: /c/omniORB-4.2.4/bin
PATH: /c/users/Odin17/scoop/shims
PATH: /c/programdata/scoop/shim
PATH: /c/Windows/System32
PATH: /c/Program Files/WinSudo/bin
PATH: /usr/bin/vendor_perl
PATH: /usr/bin/core_perl


## ----------- ##
## Core tests. ##
## ----------- ##

configure:1912: checking build system type
configure:1921: error: cannot guess build type; you must specify one

## ---------------- ##
## Cache variables. ##
## ---------------- ##

ac_cv_env_CCC_set=
ac_cv_env_CCC_value=
ac_cv_env_CC_set=
ac_cv_env_CC_value=
ac_cv_env_CFLAGS_set=
ac_cv_env_CFLAGS_value=
ac_cv_env_CPPFLAGS_set=
ac_cv_env_CPPFLAGS_value=
ac_cv_env_CPP_set=
ac_cv_env_CPP_value=
ac_cv_env_CXXCPP_set=
ac_cv_env_CXXCPP_value=
ac_cv_env_CXXFLAGS_set=
ac_cv_env_CXXFLAGS_value=
ac_cv_env_CXX_set=
ac_cv_env_CXX_value=
ac_cv_env_LDFLAGS_set=
ac_cv_env_LDFLAGS_value=
ac_cv_env_LIBS_set=
ac_cv_env_LIBS_value=
ac_cv_env_OPENSSL_CFLAGS_set=
ac_cv_env_OPENSSL_CFLAGS_value=
ac_cv_env_OPENSSL_LIBS_set=
ac_cv_env_OPENSSL_LIBS_value=
ac_cv_env_PKG_CONFIG_set=
ac_cv_env_PKG_CONFIG_value=
ac_cv_env_build_alias_set=
ac_cv_env_build_alias_value=
ac_cv_env_host_alias_set=
ac_cv_env_host_alias_value=
ac_cv_env_target_alias_set=
ac_cv_env_target_alias_value=

## ----------------- ##
## Output variables. ##
## ----------------- ##

ALLOCA=''
CC=''
CFLAGS=''
COMPILER_NAME=''
CPP=''
CPPFLAGS=''
CXX=''
CXXCPP=''
CXXFLAGS=''
DEFS=''
ECHO_C=''
ECHO_N='-n'
ECHO_T=''
EGREP=''
ENABLE_LONGDOUBLE=''
ENABLE_STATIC=''
EXEEXT=''
EXTRA_GCC_CXXFLAGS=''
GREP=''
INSTALL_DATA=''
INSTALL_PROGRAM=''
INSTALL_SCRIPT=''
LDFLAGS=''
LIBOBJS=''
LIBS=''
LTLIBOBJS=''
OBJEXT=''
OMNINAMES_LOGDIR=''
OMNIORB_CONFIG=''
OPENSSL_CFLAGS=''
OPENSSL_LIBS=''
OPEN_SSL_CPPFLAGS=''
OPEN_SSL_LIB=''
OPEN_SSL_ROOT=''
OSVERSION=''
PACKAGE_BUGREPORT='bugs@omniorb-support.com'
PACKAGE_NAME='omniORB'
PACKAGE_STRING='omniORB 4.1.6'
PACKAGE_TARNAME='omniorb'
PACKAGE_VERSION='4.1.6'
PATH_SEPARATOR=':'
PKG_CONFIG=''
PLATFORM_DEFINE=''
PLATFORM_NAME=''
PROCESSOR_DEFINE=''
PROCESSOR_NAME=''
PYTHON=''
PYTHON_EXEC_PREFIX=''
PYTHON_PLATFORM=''
PYTHON_PREFIX=''
PYTHON_VERSION=''
RANLIB=''
SET_MAKE=''
SHELL='/bin/sh'
ac_ct_CC=''
ac_ct_CXX=''
bindir='${exec_prefix}/bin'
build=''
build_alias=''
build_cpu=''
build_os=''
build_vendor=''
datadir='${datarootdir}'
datarootdir='${prefix}/share'
docdir='${datarootdir}/doc/${PACKAGE_TARNAME}'
dvidir='${docdir}'
exec_prefix='NONE'
host=''
host_alias=''
host_cpu=''
host_os=''
host_vendor=''
htmldir='${docdir}'
includedir='${prefix}/include'
infodir='${datarootdir}/info'
libdir='${exec_prefix}/lib'
libexecdir='${exec_prefix}/libexec'
localedir='${datarootdir}/locale'
localstatedir='${prefix}/var'
mandir='${datarootdir}/man'
oldincludedir='/usr/include'
pdfdir='${docdir}'
pkgpyexecdir=''
pkgpythondir=''
prefix='NONE'
program_transform_name='s,x,x,'
psdir='${docdir}'
pyexecdir=''
pythondir=''
sbindir='${exec_prefix}/sbin'
sharedstatedir='${prefix}/com'
sysconfdir='${prefix}/etc'
target_alias=''

## ----------- ##
## confdefs.h. ##
## ----------- ##

#define PACKAGE_NAME "omniORB"
#define PACKAGE_TARNAME "omniorb"
#define PACKAGE_VERSION "4.1.6"
#define PACKAGE_STRING "omniORB 4.1.6"
#define PACKAGE_BUGREPORT "bugs@omniorb-support.com"

configure: exit 1
